# JRE version: Java(TM) SE Runtime Environment (8.0_40-b26) (build 1.8.0_40-b26)
# Java VM: Java HotSpot(TM) 64-Bit Server VM (25.40-b25 mixed mode windows-amd64 compressed oops)
Heap:
 PSYoungGen      total 108032K, used 48448K [0x00000000d6300000, 0x00000000de100000, 0x0000000100000000)
  eden space 92160K, 35% used [0x00000000d6300000,0x00000000d8306420,0x00000000dbd00000)
  from space 15872K, 98% used [0x00000000dcf00000,0x00000000dde49e90,0x00000000dde80000)
  to   space 18432K, 0% used [0x00000000dbd00000,0x00000000dbd00000,0x00000000dcf00000)
 ParOldGen       total 93696K, used 21132K [0x0000000082800000, 0x0000000088380000, 0x00000000d6300000)
  object space 93696K, 22% used [0x0000000082800000,0x0000000083ca33b8,0x0000000088380000)
 Metaspace       used 40447K, capacity 40874K, committed 41264K, reserved 1085440K
  class space    used 5419K, capacity 5553K, committed 5680K, reserved 1048576K
GC Heap History (10 events):
Event: 9.265 GC heap before
{Heap before GC invocations=12 (full 2):
 PSYoungGen      total 89088K, used 8088K [0x00000000d6300000, 0x00000000dca80000, 0x0000000100000000)
  eden space 80896K, 0% used [0x00000000d6300000,0x00000000d6300000,0x00000000db200000)
  from space 8192K, 98% used [0x00000000dbb00000,0x00000000dc2e6060,0x00000000dc300000)
  to   space 9216K, 0% used [0x00000000db200000,0x00000000db200000,0x00000000dbb00000)
 ParOldGen       total 59904K, used 6711K [0x0000000082800000, 0x0000000086280000, 0x00000000d6300000)
  object space 59904K, 11% used [0x0000000082800000,0x0000000082e8ded8,0x0000000086280000)
 Metaspace       used 34973K, capacity 35326K, committed 35496K, reserved 1079296K
  class space    used 5017K, capacity 5115K, committed 5168K, reserved 1048576K
Event: 9.405 GC heap after
Heap after GC invocations=12 (full 2):
 PSYoungGen      total 89088K, used 0K [0x00000000d6300000, 0x00000000dca80000, 0x0000000100000000)
  eden space 80896K, 0% used [0x00000000d6300000,0x00000000d6300000,0x00000000db200000)
  from space 8192K, 0% used [0x00000000dbb00000,0x00000000dbb00000,0x00000000dc300000)
  to   space 9216K, 0% used [0x00000000db200000,0x00000000db200000,0x00000000dbb00000)
 ParOldGen       total 93696K, used 13600K [0x0000000082800000, 0x0000000088380000, 0x00000000d6300000)
  object space 93696K, 14% used [0x0000000082800000,0x0000000083548330,0x0000000088380000)
 Metaspace       used 34973K, capacity 35326K, committed 35496K, reserved 1079296K
  class space    used 5017K, capacity 5115K, committed 5168K, reserved 1048576K
}
Event: 491.705 GC heap before
{Heap before GC invocations=13 (full 2):
 PSYoungGen      total 89088K, used 80896K [0x00000000d6300000, 0x00000000dca80000, 0x0000000100000000)
  eden space 80896K, 100% used [0x00000000d6300000,0x00000000db200000,0x00000000db200000)
  from space 8192K, 0% used [0x00000000dbb00000,0x00000000dbb00000,0x00000000dc300000)
  to   space 9216K, 0% used [0x00000000db200000,0x00000000db200000,0x00000000dbb00000)
 ParOldGen       total 93696K, used 13600K [0x0000000082800000, 0x0000000088380000, 0x00000000d6300000)
  object space 93696K, 14% used [0x0000000082800000,0x0000000083548330,0x0000000088380000)
 Metaspace       used 38833K, capacity 39270K, committed 39600K, reserved 1083392K
  class space    used 5360K, capacity 5479K, committed 5552K, reserved 1048576K
Event: 491.737 GC heap after
Heap after GC invocations=13 (full 2):
 PSYoungGen      total 90112K, used 9189K [0x00000000d6300000, 0x00000000dd980000, 0x0000000100000000)
  eden space 80896K, 0% used [0x00000000d6300000,0x00000000d6300000,0x00000000db200000)
  from space 9216K, 99% used [0x00000000db200000,0x00000000dbaf94f0,0x00000000dbb00000)
  to   space 10240K, 0% used [0x00000000dcf80000,0x00000000dcf80000,0x00000000dd980000)
 ParOldGen       total 93696K, used 13826K [0x0000000082800000, 0x0000000088380000, 0x00000000d6300000)
  object space 93696K, 14% used [0x0000000082800000,0x0000000083580808,0x0000000088380000)
 Metaspace       used 38833K, capacity 39270K, committed 39600K, reserved 1083392K
  class space    used 5360K, capacity 5479K, committed 5552K, reserved 1048576K
}
Event: 682.041 GC heap before
{Heap before GC invocations=14 (full 2):
 PSYoungGen      total 90112K, used 90085K [0x00000000d6300000, 0x00000000dd980000, 0x0000000100000000)
  eden space 80896K, 100% used [0x00000000d6300000,0x00000000db200000,0x00000000db200000)
  from space 9216K, 99% used [0x00000000db200000,0x00000000dbaf94f0,0x00000000dbb00000)
  to   space 10240K, 0% used [0x00000000dcf80000,0x00000000dcf80000,0x00000000dd980000)
 ParOldGen       total 93696K, used 13826K [0x0000000082800000, 0x0000000088380000, 0x00000000d6300000)
  object space 93696K, 14% used [0x0000000082800000,0x0000000083580808,0x0000000088380000)
 Metaspace       used 39366K, capacity 39820K, committed 40112K, reserved 1083392K
  class space    used 5369K, capacity 5484K, committed 5552K, reserved 1048576K
Event: 682.056 GC heap after
Heap after GC invocations=14 (full 2):
 PSYoungGen      total 107520K, used 10237K [0x00000000d6300000, 0x00000000dda00000, 0x0000000100000000)
  eden space 97280K, 0% used [0x00000000d6300000,0x00000000d6300000,0x00000000dc200000)
  from space 10240K, 99% used [0x00000000dcf80000,0x00000000dd97f560,0x00000000dd980000)
  to   space 12288K, 0% used [0x00000000dc200000,0x00000000dc200000,0x00000000dce00000)
 ParOldGen       total 93696K, used 15066K [0x0000000082800000, 0x0000000088380000, 0x00000000d6300000)
  object space 93696K, 16% used [0x0000000082800000,0x00000000836b6808,0x0000000088380000)
 Metaspace       used 39366K, capacity 39820K, committed 40112K, reserved 1083392K
  class space    used 5369K, capacity 5484K, committed 5552K, reserved 1048576K
}
Event: 804.374 GC heap before
{Heap before GC invocations=15 (full 2):
 PSYoungGen      total 107520K, used 107517K [0x00000000d6300000, 0x00000000dda00000, 0x0000000100000000)
  eden space 97280K, 100% used [0x00000000d6300000,0x00000000dc200000,0x00000000dc200000)
  from space 10240K, 99% used [0x00000000dcf80000,0x00000000dd97f560,0x00000000dd980000)
  to   space 12288K, 0% used [0x00000000dc200000,0x00000000dc200000,0x00000000dce00000)
 ParOldGen       total 93696K, used 15066K [0x0000000082800000, 0x0000000088380000, 0x00000000d6300000)
  object space 93696K, 16% used [0x0000000082800000,0x00000000836b6808,0x0000000088380000)
 Metaspace       used 39914K, capacity 40376K, committed 40624K, reserved 1085440K
  class space    used 5413K, capacity 5518K, committed 5552K, reserved 1048576K
Event: 804.432 GC heap after
Heap after GC invocations=15 (full 2):
 PSYoungGen      total 107008K, used 12279K [0x00000000d6300000, 0x00000000dde80000, 0x0000000100000000)
  eden space 94720K, 0% used [0x00000000d6300000,0x00000000d6300000,0x00000000dbf80000)
  from space 12288K, 99% used [0x00000000dc200000,0x00000000dcdfde70,0x00000000dce00000)
  to   space 15872K, 0% used [0x00000000dcf00000,0x00000000dcf00000,0x00000000dde80000)
 ParOldGen       total 93696K, used 21124K [0x0000000082800000, 0x0000000088380000, 0x00000000d6300000)
  object space 93696K, 22% used [0x0000000082800000,0x0000000083ca13b8,0x0000000088380000)
 Metaspace       used 39914K, capacity 40376K, committed 40624K, reserved 1085440K
  class space    used 5413K, capacity 5518K, committed 5552K, reserved 1048576K
}
Event: 1586.505 GC heap before
{Heap before GC invocations=16 (full 2):
 PSYoungGen      total 107008K, used 106999K [0x00000000d6300000, 0x00000000dde80000, 0x0000000100000000)
  eden space 94720K, 100% used [0x00000000d6300000,0x00000000dbf80000,0x00000000dbf80000)
  from space 12288K, 99% used [0x00000000dc200000,0x00000000dcdfde70,0x00000000dce00000)
  to   space 15872K, 0% used [0x00000000dcf00000,0x00000000dcf00000,0x00000000dde80000)
 ParOldGen       total 93696K, used 21124K [0x0000000082800000, 0x0000000088380000, 0x00000000d6300000)
  object space 93696K, 22% used [0x0000000082800000,0x0000000083ca13b8,0x0000000088380000)
 Metaspace       used 40242K, capacity 40650K, committed 40880K, reserved 1085440K
  class space    used 5416K, capacity 5521K, committed 5552K, reserved 1048576K
Event: 1586.550 GC heap after
Heap after GC invocations=16 (full 2):
 PSYoungGen      total 108032K, used 15655K [0x00000000d6300000, 0x00000000de100000, 0x0000000100000000)
  eden space 92160K, 0% used [0x00000000d6300000,0x00000000d6300000,0x00000000dbd00000)
  from space 15872K, 98% used [0x00000000dcf00000,0x00000000dde49e90,0x00000000dde80000)
  to   space 18432K, 0% used [0x00000000dbd00000,0x00000000dbd00000,0x00000000dcf00000)
 ParOldGen       total 93696K, used 21132K [0x0000000082800000, 0x0000000088380000, 0x00000000d6300000)
  object space 93696K, 22% used [0x0000000082800000,0x0000000083ca33b8,0x0000000088380000)
 Metaspace       used 40242K, capacity 40650K, committed 40880K, reserved 1085440K
  class space    used 5416K, capacity 5521K, committed 5552K, reserved 1048576K
}

